<?xml version="1.0" encoding="UTF-8"?>
<testsuite name="com.example.Librarydemo.controller.LibraryEventControllerUnitTest" tests="2" skipped="0" failures="0" errors="0" timestamp="2023-01-06T23:24:01" hostname="Hongchaos-MacBook-Pro.local" time="0.136">
  <properties/>
  <testcase name="postLibraryEvent()" classname="com.example.Librarydemo.controller.LibraryEventControllerUnitTest" time="0.121"/>
  <testcase name="postLibraryEvent_4xx()" classname="com.example.Librarydemo.controller.LibraryEventControllerUnitTest" time="0.014"/>
  <system-out><![CDATA[18:23:59.890 [Test worker] DEBUG org.springframework.test.context.BootstrapUtils - Instantiating CacheAwareContextLoaderDelegate from class [org.springframework.test.context.cache.DefaultCacheAwareContextLoaderDelegate]
18:23:59.897 [Test worker] DEBUG org.springframework.test.context.BootstrapUtils - Instantiating BootstrapContext using constructor [public org.springframework.test.context.support.DefaultBootstrapContext(java.lang.Class,org.springframework.test.context.CacheAwareContextLoaderDelegate)]
18:23:59.912 [Test worker] DEBUG org.springframework.test.context.BootstrapUtils - Instantiating TestContextBootstrapper for test class [com.example.Librarydemo.controller.LibraryEventControllerUnitTest] from class [org.springframework.boot.test.autoconfigure.web.servlet.WebMvcTestContextBootstrapper]
18:23:59.920 [Test worker] INFO org.springframework.boot.test.autoconfigure.web.servlet.WebMvcTestContextBootstrapper - Neither @ContextConfiguration nor @ContextHierarchy found for test class [com.example.Librarydemo.controller.LibraryEventControllerUnitTest], using SpringBootContextLoader
18:23:59.922 [Test worker] DEBUG org.springframework.test.context.support.AbstractContextLoader - Did not detect default resource location for test class [com.example.Librarydemo.controller.LibraryEventControllerUnitTest]: class path resource [com/example/Librarydemo/controller/LibraryEventControllerUnitTest-context.xml] does not exist
18:23:59.922 [Test worker] DEBUG org.springframework.test.context.support.AbstractContextLoader - Did not detect default resource location for test class [com.example.Librarydemo.controller.LibraryEventControllerUnitTest]: class path resource [com/example/Librarydemo/controller/LibraryEventControllerUnitTestContext.groovy] does not exist
18:23:59.922 [Test worker] INFO org.springframework.test.context.support.AbstractContextLoader - Could not detect default resource locations for test class [com.example.Librarydemo.controller.LibraryEventControllerUnitTest]: no resource found for suffixes {-context.xml, Context.groovy}.
18:23:59.922 [Test worker] INFO org.springframework.test.context.support.AnnotationConfigContextLoaderUtils - Could not detect default configuration classes for test class [com.example.Librarydemo.controller.LibraryEventControllerUnitTest]: LibraryEventControllerUnitTest does not declare any static, non-private, non-final, nested classes annotated with @Configuration.
18:23:59.954 [Test worker] DEBUG org.springframework.test.context.support.ActiveProfilesUtils - Could not find an 'annotation declaring class' for annotation type [org.springframework.test.context.ActiveProfiles] and class [com.example.Librarydemo.controller.LibraryEventControllerUnitTest]
18:23:59.984 [Test worker] DEBUG org.springframework.context.annotation.ClassPathScanningCandidateComponentProvider - Identified candidate component class: file [/Users/hongchao/Desktop/Librarydemo/build/classes/java/main/com/example/Librarydemo/LibraryEventsProducerApplication.class]
18:23:59.985 [Test worker] INFO org.springframework.boot.test.context.SpringBootTestContextBootstrapper - Found @SpringBootConfiguration com.example.Librarydemo.LibraryEventsProducerApplication for test class com.example.Librarydemo.controller.LibraryEventControllerUnitTest
18:23:59.986 [Test worker] DEBUG org.springframework.boot.test.autoconfigure.web.servlet.WebMvcTestContextBootstrapper - @TestExecutionListeners is not present for class [com.example.Librarydemo.controller.LibraryEventControllerUnitTest]: using defaults.
18:23:59.986 [Test worker] INFO org.springframework.boot.test.autoconfigure.web.servlet.WebMvcTestContextBootstrapper - Loaded default TestExecutionListener class names from location [META-INF/spring.factories]: [org.springframework.boot.test.autoconfigure.restdocs.RestDocsTestExecutionListener, org.springframework.boot.test.autoconfigure.web.client.MockRestServiceServerResetTestExecutionListener, org.springframework.boot.test.autoconfigure.web.servlet.MockMvcPrintOnlyOnFailureTestExecutionListener, org.springframework.boot.test.autoconfigure.web.servlet.WebDriverTestExecutionListener, org.springframework.boot.test.mock.mockito.MockitoTestExecutionListener, org.springframework.boot.test.mock.mockito.ResetMocksTestExecutionListener, org.springframework.test.context.web.ServletTestExecutionListener, org.springframework.test.context.support.DirtiesContextBeforeModesTestExecutionListener, org.springframework.test.context.support.DependencyInjectionTestExecutionListener, org.springframework.test.context.support.DirtiesContextTestExecutionListener, org.springframework.test.context.transaction.TransactionalTestExecutionListener, org.springframework.test.context.jdbc.SqlScriptsTestExecutionListener, org.springframework.test.context.event.EventPublishingTestExecutionListener]
18:23:59.993 [Test worker] INFO org.springframework.boot.test.autoconfigure.web.servlet.WebMvcTestContextBootstrapper - Using TestExecutionListeners: [org.springframework.test.context.web.ServletTestExecutionListener@3db62a60, org.springframework.test.context.support.DirtiesContextBeforeModesTestExecutionListener@6c0d0c25, org.springframework.boot.test.mock.mockito.MockitoTestExecutionListener@46eeefd7, org.springframework.boot.test.autoconfigure.SpringBootDependencyInjectionTestExecutionListener@2376294a, org.springframework.test.context.support.DirtiesContextTestExecutionListener@2f1fe26e, org.springframework.test.context.transaction.TransactionalTestExecutionListener@2b77bf8c, org.springframework.test.context.jdbc.SqlScriptsTestExecutionListener@1ad66d62, org.springframework.test.context.event.EventPublishingTestExecutionListener@8783b0b, org.springframework.boot.test.autoconfigure.restdocs.RestDocsTestExecutionListener@5824a4f8, org.springframework.boot.test.autoconfigure.web.client.MockRestServiceServerResetTestExecutionListener@4eb9fbaf, org.springframework.boot.test.autoconfigure.web.servlet.MockMvcPrintOnlyOnFailureTestExecutionListener@672d3267, org.springframework.boot.test.autoconfigure.web.servlet.WebDriverTestExecutionListener@2e44fdea, org.springframework.boot.test.mock.mockito.ResetMocksTestExecutionListener@533a8fbe]
18:23:59.994 [Test worker] DEBUG org.springframework.test.context.support.AbstractDirtiesContextTestExecutionListener - Before test class: context [DefaultTestContext@7e4a3996 testClass = LibraryEventControllerUnitTest, testInstance = [null], testMethod = [null], testException = [null], mergedContextConfiguration = [WebMergedContextConfiguration@1d7855cb testClass = LibraryEventControllerUnitTest, locations = '{}', classes = '{class com.example.Librarydemo.LibraryEventsProducerApplication}', contextInitializerClasses = '[]', activeProfiles = '{}', propertySourceLocations = '{}', propertySourceProperties = '{org.springframework.boot.test.autoconfigure.web.servlet.WebMvcTestContextBootstrapper=true}', contextCustomizers = set[org.springframework.boot.test.autoconfigure.OverrideAutoConfigurationContextCustomizerFactory$DisableAutoConfigurationContextCustomizer@7150eb9b, org.springframework.boot.test.autoconfigure.filter.TypeExcludeFiltersContextCustomizer@4d2b765f, org.springframework.boot.test.autoconfigure.properties.PropertyMappingContextCustomizer@181e997e, org.springframework.boot.test.autoconfigure.web.servlet.WebDriverContextCustomizerFactory$Customizer@52a4e94c, [ImportsContextCustomizer@12f2bc28 key = [org.springframework.boot.autoconfigure.cache.CacheAutoConfiguration, org.springframework.boot.autoconfigure.context.MessageSourceAutoConfiguration, org.springframework.boot.autoconfigure.data.web.SpringDataWebAutoConfiguration, org.springframework.boot.autoconfigure.freemarker.FreeMarkerAutoConfiguration, org.springframework.boot.autoconfigure.groovy.template.GroovyTemplateAutoConfiguration, org.springframework.boot.autoconfigure.gson.GsonAutoConfiguration, org.springframework.boot.autoconfigure.hateoas.HypermediaAutoConfiguration, org.springframework.boot.autoconfigure.http.HttpMessageConvertersAutoConfiguration, org.springframework.boot.autoconfigure.jackson.JacksonAutoConfiguration, org.springframework.boot.autoconfigure.jsonb.JsonbAutoConfiguration, org.springframework.boot.autoconfigure.mustache.MustacheAutoConfiguration, org.springframework.boot.autoconfigure.task.TaskExecutionAutoConfiguration, org.springframework.boot.autoconfigure.thymeleaf.ThymeleafAutoConfiguration, org.springframework.boot.autoconfigure.validation.ValidationAutoConfiguration, org.springframework.boot.autoconfigure.web.servlet.error.ErrorMvcAutoConfiguration, org.springframework.boot.autoconfigure.web.servlet.WebMvcAutoConfiguration, org.springframework.boot.test.autoconfigure.web.servlet.MockMvcAutoConfiguration, org.springframework.boot.test.autoconfigure.web.servlet.MockMvcWebClientAutoConfiguration, org.springframework.boot.test.autoconfigure.web.servlet.MockMvcWebDriverAutoConfiguration, org.springframework.boot.autoconfigure.security.servlet.SecurityAutoConfiguration, org.springframework.boot.autoconfigure.security.servlet.UserDetailsServiceAutoConfiguration, org.springframework.boot.test.autoconfigure.web.servlet.MockMvcSecurityConfiguration]], org.springframework.boot.test.context.filter.ExcludeFilterContextCustomizer@18da6209, org.springframework.boot.test.json.DuplicateJsonObjectContextCustomizerFactory$DuplicateJsonObjectContextCustomizer@63a785ba, org.springframework.boot.test.mock.mockito.MockitoContextCustomizer@879d145e], resourceBasePath = 'src/main/webapp', contextLoader = 'org.springframework.boot.test.context.SpringBootContextLoader', parent = [null]], attributes = map[[empty]]], class annotated with @DirtiesContext [false] with mode [null].
18:24:00.107 [Test worker] DEBUG org.springframework.test.context.support.TestPropertySourceUtils - Adding inlined properties to environment: {spring.jmx.enabled=false, org.springframework.boot.test.autoconfigure.web.servlet.WebMvcTestContextBootstrapper=true, server.port=-1}

  .   ____          _            __ _ _
 /\\ / ___'_ __ _ _(_)_ __  __ _ \ \ \ \
( ( )\___ | '_ | '_| | '_ \/ _` | \ \ \ \
 \\/  ___)| |_)| | | | | || (_| |  ) ) ) )
  '  |____| .__|_| |_|_| |_\__, | / / / /
 =========|_|==============|___/=/_/_/_/
 :: Spring Boot ::        (v2.2.2.RELEASE)

2023-01-06 18:24:00.393  INFO 25075 --- [    Test worker] c.e.L.c.LibraryEventControllerUnitTest   : Starting LibraryEventControllerUnitTest on Hongchaos-MacBook-Pro.local with PID 25075 (started by hongchao in /Users/hongchao/Desktop/Librarydemo)
2023-01-06 18:24:00.393  INFO 25075 --- [    Test worker] c.e.L.c.LibraryEventControllerUnitTest   : The following profiles are active: local
2023-01-06 18:24:00.924  INFO 25075 --- [    Test worker] o.s.s.concurrent.ThreadPoolTaskExecutor  : Initializing ExecutorService 'applicationTaskExecutor'
2023-01-06 18:24:01.012  INFO 25075 --- [    Test worker] o.s.b.t.m.w.SpringBootMockServletContext : Initializing Spring TestDispatcherServlet ''
2023-01-06 18:24:01.012  INFO 25075 --- [    Test worker] o.s.t.web.servlet.TestDispatcherServlet  : Initializing Servlet ''
2023-01-06 18:24:01.016  INFO 25075 --- [    Test worker] o.s.t.web.servlet.TestDispatcherServlet  : Completed initialization in 4 ms
2023-01-06 18:24:01.029  INFO 25075 --- [    Test worker] c.e.L.c.LibraryEventControllerUnitTest   : Started LibraryEventControllerUnitTest in 0.917 seconds (JVM running for 1.545)
2023-01-06 18:24:01.165  INFO 25075 --- [    Test worker] c.e.L.c.LibraryEventControllerAdvice     : errorMessage : book.bookAuthor - must not be blank, book.bookId - must not be null 
]]></system-out>
  <system-err><![CDATA[]]></system-err>
</testsuite>
